Arguments: 
  /home/kvix-pontus/.nvm/versions/node/v12.22.10/bin/node /home/kvix-pontus/.nvm/versions/node/v12.22.10/bin/yarn

PATH: 
  /home/kvix-pontus/.vscode-server/bin/1ad8d514439d5077d2b0b7ee64d2ce82a9308e5a/bin/remote-cli:/home/kvix-pontus/.nvm/versions/node/v12.22.10/bin:/usr/local/sbin:/usr/local/bin:/usr/sbin:/usr/bin:/sbin:/bin:/usr/games:/usr/local/games:/usr/lib/wsl/lib:/mnt/c/WINDOWS/system32:/mnt/c/WINDOWS:/mnt/c/WINDOWS/System32/Wbem:/mnt/c/WINDOWS/System32/WindowsPowerShell/v1.0/:/mnt/c/WINDOWS/System32/OpenSSH/:/mnt/c/Program Files/dotnet/:/mnt/c/Program Files/Docker/Docker/resources/bin:/mnt/c/ProgramData/DockerDesktop/version-bin:/mnt/c/Program Files/Git/cmd:/mnt/c/Users/Pontus Sandström/AppData/Local/Microsoft/WindowsApps:/mnt/c/Users/Pontus Sandström/AppData/Local/Programs/Microsoft VS Code/bin:/mnt/c/Users/Pontus Sandström/AppData/Local/Google/Cloud SDK/google-cloud-sdk/bin:/mnt/c/gcp-sql-proxy:/snap/bin

Yarn version: 
  1.22.17

Node version: 
  12.22.10

Platform: 
  linux x64

Trace: 
  Error: getaddrinfo EAI_AGAIN registry.yarnpkg.com
      at GetAddrInfoReqWrap.onlookup [as oncomplete] (dns.js:66:26)

npm manifest: 
  {
    "name": "wowza-webrtc-player",
    "version": "1.0.5",
    "description": "A generic player to handle Wowza WebRTC api",
    "author": "Vincent Thibault <vthibault.mobile@gmail.com>",
    "license": "MIT",
    "main": "./dist/cjs/wowza-webrtc-player.js",
    "module": "./dist/esm/wowza-webrtc-player.js",
    "browser": {
      "./dist/cjs/wowza-webrtc-player.js": "./dist/umd/wowza-webrtc-player.js"
    },
    "files": [
      "dist/",
      "index.d.ts",
      "src/",
      "typings/"
    ],
    "bugs": {
      "url": "https://github.com/koala-interactive/wowza-webrtc-player/issues"
    },
    "repository": "github:koala-interactive/wowza-webrtc-player",
    "scripts": {
      "lint": "tsc --noEmit && eslint . --ext .ts",
      "build": "del dist && npm run update-license && rollup -c && npm run update-filesize",
      "update-license": "node utils/update-license.js",
      "update-filesize": "node utils/update-size.js"
    },
    "keywords": [
      "wowza",
      "webrtc",
      "player",
      "streaming"
    ],
    "dependencies": {},
    "devDependencies": {
      "@babel/cli": "^7.7.5",
      "@babel/core": "^7.7.5",
      "@babel/plugin-proposal-class-properties": "^7.7.4",
      "@babel/plugin-proposal-optional-chaining": "^7.7.5",
      "@babel/preset-env": "^7.7.5",
      "@babel/preset-typescript": "^7.7.4",
      "@babel/register": "^7.7.4",
      "@types/node": "^13.13.52",
      "@typescript-eslint/eslint-plugin": "^2.12.0",
      "@typescript-eslint/parser": "^2.12.0",
      "del-cli": "^1.1.0",
      "eslint": "^6.7.2",
      "rollup": "^1.27.13",
      "rollup-plugin-babel": "^4.3.3",
      "rollup-plugin-node-builtins": "^2.1.2",
      "rollup-plugin-node-resolve": "^5.2.0",
      "rollup-plugin-size-snapshot": "^0.10.0",
      "rollup-plugin-terser": "^5.1.3",
      "typescript": "^4.7.4"
    }
  }

yarn manifest: 
  No manifest

Lockfile: 
  No lockfile
